
*** Running vivado
    with args -log net_engine_v1_0.vds -m64 -product Vivado -mode batch -messageDb vivado.pb -notrace -source net_engine_v1_0.tcl


ECHO is off.
ECHO is off.

****** Vivado v2023.2 (64-bit)
  **** SW Build 4029153 on Fri Oct 13 20:14:34 MDT 2023
  **** IP Build 4028589 on Sat Oct 14 00:45:43 MDT 2023
  **** SharedData Build 4025554 on Tue Oct 10 17:18:54 MDT 2023
    ** Copyright 1986-2022 Xilinx, Inc. All Rights Reserved.
    ** Copyright 2022-2023 Advanced Micro Devices, Inc. All Rights Reserved.

source net_engine_v1_0.tcl -notrace
create_project: Time (s): cpu = 00:00:08 ; elapsed = 00:00:09 . Memory (MB): peak = 472.191 ; gain = 188.289
INFO: [IP_Flow 19-234] Refreshing IP repositories
INFO: [IP_Flow 19-1700] Loaded user IP repository 'd:/Vivado/Project/ip_repo/net_engine/net_engine_1_0'.
WARNING: [IP_Flow 19-2248] Failed to load user IP repository 'd:/Vivado/Project/ip_repo/axi_communicator_1_0'; Can't find the specified path.
If this directory should no longer be in your list of user repositories, go to the IP Settings dialog and remove it.
INFO: [IP_Flow 19-2313] Loaded Vivado IP repository 'D:/Vivado/Software/Vivado/2023.2/data/ip'.
Command: read_checkpoint -auto_incremental -incremental D:/Vivado/Project/net_engine_ip/net_engine_ip.srcs/utils_1/imports/synth_1/net_engine_v1_0.dcp
INFO: [Vivado 12-5825] Read reference checkpoint from D:/Vivado/Project/net_engine_ip/net_engine_ip.srcs/utils_1/imports/synth_1/net_engine_v1_0.dcp for incremental synthesis
INFO: [Vivado 12-7989] Please ensure there are no constraint changes
Command: synth_design -top net_engine_v1_0 -part xc7z020clg400-1
Starting synth_design
Attempting to get a license for feature 'Synthesis' and/or device 'xc7z020'
INFO: [Common 17-349] Got license for feature 'Synthesis' and/or device 'xc7z020'
INFO: [Device 21-403] Loading part xc7z020clg400-1
INFO: [Designutils 20-5440] No compile time benefit to using incremental synthesis; A full resynthesis will be run
INFO: [Designutils 20-4379] Flow is switching to default flow due to incremental criteria not met. If you would like to alter this behaviour and have the flow terminate instead, please set the following parameter config_implementation {autoIncr.Synth.RejectBehavior Terminate}
INFO: [Synth 8-7079] Multithreading enabled for synth_design using a maximum of 2 processes.
INFO: [Synth 8-7078] Launching helper process for spawning children vivado processes
WARNING: [Common 17-1361] You have specified a new message control rule that is equivalent to an existing rule with attributes ' -id {17-179}  -suppress '. The existing rule will be replaced.
INFO: [Synth 8-7075] Helper process launched with PID 11112
---------------------------------------------------------------------------------
Starting RTL Elaboration : Time (s): cpu = 00:00:09 ; elapsed = 00:00:11 . Memory (MB): peak = 1345.637 ; gain = 440.438
---------------------------------------------------------------------------------
INFO: [Synth 8-11241] undeclared symbol 'out_control_reg_5', assumed default net type 'wire' [D:/Vivado/Project/ip_repo/net_engine/net_engine_1_0/hdl/net_engine_v1_0_S00_AXI.v:169]
WARNING: [Synth 8-11065] parameter 'ASCII_N' becomes localparam in 'net_engine_v1_0_S00_AXI' with formal parameter declaration list [D:/Vivado/Project/ip_repo/net_engine/net_engine_1_0/hdl/net_engine_v1_0_S00_AXI.v:109]
WARNING: [Synth 8-11065] parameter 'ASCII_E' becomes localparam in 'net_engine_v1_0_S00_AXI' with formal parameter declaration list [D:/Vivado/Project/ip_repo/net_engine/net_engine_1_0/hdl/net_engine_v1_0_S00_AXI.v:110]
WARNING: [Synth 8-11065] parameter 'ASCII_T' becomes localparam in 'net_engine_v1_0_S00_AXI' with formal parameter declaration list [D:/Vivado/Project/ip_repo/net_engine/net_engine_1_0/hdl/net_engine_v1_0_S00_AXI.v:111]
WARNING: [Synth 8-11065] parameter 'S_IDLE' becomes localparam in 'net_engine_v1_0_S00_AXIS_1' with formal parameter declaration list [D:/Vivado/Project/net_engine_ip/net_engine_ip.srcs/sources_1/new/net_engine_v1_0_S00_AXI_1.v:86]
WARNING: [Synth 8-11065] parameter 'S_WRITE_FIFO' becomes localparam in 'net_engine_v1_0_S00_AXIS_1' with formal parameter declaration list [D:/Vivado/Project/net_engine_ip/net_engine_ip.srcs/sources_1/new/net_engine_v1_0_S00_AXI_1.v:87]
WARNING: [Synth 8-6901] identifier 'process_begin' is used before its declaration [D:/Vivado/Project/net_engine_ip/net_engine_ip.srcs/sources_1/new/net_engine_v1_0_S00_AXI_1.v:173]
INFO: [Synth 8-6157] synthesizing module 'net_engine_v1_0' [D:/Vivado/Project/ip_repo/net_engine/net_engine_1_0/hdl/net_engine_v1_0.v:4]
INFO: [Synth 8-6157] synthesizing module 'net_engine_v1_0_S00_AXI' [D:/Vivado/Project/ip_repo/net_engine/net_engine_1_0/hdl/net_engine_v1_0_S00_AXI.v:4]
	Parameter C_S_AXI_DATA_WIDTH bound to: 32 - type: integer 
	Parameter C_S_AXI_ADDR_WIDTH bound to: 7 - type: integer 
INFO: [Synth 8-6155] done synthesizing module 'net_engine_v1_0_S00_AXI' (0#1) [D:/Vivado/Project/ip_repo/net_engine/net_engine_1_0/hdl/net_engine_v1_0_S00_AXI.v:4]
INFO: [Synth 8-6157] synthesizing module 'net_engine_v1_0_S00_AXIS_1' [D:/Vivado/Project/net_engine_ip/net_engine_ip.srcs/sources_1/new/net_engine_v1_0_S00_AXI_1.v:4]
	Parameter C_S_AXIS_TDATA_WIDTH bound to: 32 - type: integer 
	Parameter C_NET_CELL_COUNT bound to: 2 - type: integer 
	Parameter C_M_START_COUNT bound to: 32 - type: integer 
INFO: [Synth 8-155] case statement is not full and has no default [D:/Vivado/Project/net_engine_ip/net_engine_ip.srcs/sources_1/new/net_engine_v1_0_S00_AXI_1.v:233]
INFO: [Synth 8-155] case statement is not full and has no default [D:/Vivado/Project/net_engine_ip/net_engine_ip.srcs/sources_1/new/net_engine_v1_0_S00_AXI_1.v:296]
INFO: [Synth 8-6157] synthesizing module 'maxpooling_cell' [D:/Vivado/Project/net_engine_ip/net_engine_ip.srcs/sources_1/new/max_pool_cell.v:23]
	Parameter DATA_WIDTH bound to: 32 - type: integer 
INFO: [Synth 8-6155] done synthesizing module 'maxpooling_cell' (0#1) [D:/Vivado/Project/net_engine_ip/net_engine_ip.srcs/sources_1/new/max_pool_cell.v:23]
INFO: [Synth 8-6157] synthesizing module 'conv_cell' [D:/Vivado/Project/net_engine_ip/net_engine_ip.srcs/sources_1/new/cnn_cell.v:22]
	Parameter DATA_WIDTH bound to: 32 - type: integer 
	Parameter KERNAL_SIZE bound to: 3 - type: integer 
INFO: [Synth 8-6155] done synthesizing module 'conv_cell' (0#1) [D:/Vivado/Project/net_engine_ip/net_engine_ip.srcs/sources_1/new/cnn_cell.v:22]
INFO: [Synth 8-6157] synthesizing module 'master_fifo_out' [D:/Vivado/Project/net_engine_ip/net_engine_ip.runs/synth_1/.Xil/Vivado-6972-DESKTOP-RSN2NHS/realtime/master_fifo_out_stub.v:6]
INFO: [Synth 8-6155] done synthesizing module 'master_fifo_out' (0#1) [D:/Vivado/Project/net_engine_ip/net_engine_ip.runs/synth_1/.Xil/Vivado-6972-DESKTOP-RSN2NHS/realtime/master_fifo_out_stub.v:6]
INFO: [Synth 8-6155] done synthesizing module 'net_engine_v1_0_S00_AXIS_1' (0#1) [D:/Vivado/Project/net_engine_ip/net_engine_ip.srcs/sources_1/new/net_engine_v1_0_S00_AXI_1.v:4]
WARNING: [Synth 8-7071] port 'D_CNN_NET_OUT' of module 'net_engine_v1_0_S00_AXIS_1' is unconnected for instance 'net_engine_v1_0_S00_AXIS_inst' [D:/Vivado/Project/ip_repo/net_engine/net_engine_1_0/hdl/net_engine_v1_0.v:171]
WARNING: [Synth 8-7071] port 'D_CNN_NET_VALID_OUT' of module 'net_engine_v1_0_S00_AXIS_1' is unconnected for instance 'net_engine_v1_0_S00_AXIS_inst' [D:/Vivado/Project/ip_repo/net_engine/net_engine_1_0/hdl/net_engine_v1_0.v:171]
WARNING: [Synth 8-7071] port 'D_STATUS_1' of module 'net_engine_v1_0_S00_AXIS_1' is unconnected for instance 'net_engine_v1_0_S00_AXIS_inst' [D:/Vivado/Project/ip_repo/net_engine/net_engine_1_0/hdl/net_engine_v1_0.v:171]
WARNING: [Synth 8-7071] port 'D_STATUS_2' of module 'net_engine_v1_0_S00_AXIS_1' is unconnected for instance 'net_engine_v1_0_S00_AXIS_inst' [D:/Vivado/Project/ip_repo/net_engine/net_engine_1_0/hdl/net_engine_v1_0.v:171]
WARNING: [Synth 8-7023] instance 'net_engine_v1_0_S00_AXIS_inst' of module 'net_engine_v1_0_S00_AXIS_1' has 32 connections declared, but only 28 given [D:/Vivado/Project/ip_repo/net_engine/net_engine_1_0/hdl/net_engine_v1_0.v:171]
INFO: [Synth 8-6155] done synthesizing module 'net_engine_v1_0' (0#1) [D:/Vivado/Project/ip_repo/net_engine/net_engine_1_0/hdl/net_engine_v1_0.v:4]
WARNING: [Synth 8-6014] Unused sequential element slv_reg0_reg was removed.  [D:/Vivado/Project/ip_repo/net_engine/net_engine_1_0/hdl/net_engine_v1_0_S00_AXI.v:286]
WARNING: [Synth 8-6014] Unused sequential element slv_reg1_reg was removed.  [D:/Vivado/Project/ip_repo/net_engine/net_engine_1_0/hdl/net_engine_v1_0_S00_AXI.v:287]
WARNING: [Synth 8-6014] Unused sequential element slv_reg2_reg was removed.  [D:/Vivado/Project/ip_repo/net_engine/net_engine_1_0/hdl/net_engine_v1_0_S00_AXI.v:288]
WARNING: [Synth 8-6014] Unused sequential element slv_reg3_reg was removed.  [D:/Vivado/Project/ip_repo/net_engine/net_engine_1_0/hdl/net_engine_v1_0_S00_AXI.v:289]
WARNING: [Synth 8-6014] Unused sequential element slv_reg4_reg was removed.  [D:/Vivado/Project/ip_repo/net_engine/net_engine_1_0/hdl/net_engine_v1_0_S00_AXI.v:290]
WARNING: [Synth 8-7137] Register d_in_data_9_temp_reg in module maxpooling_cell has both Set and reset with same priority. This may cause simulation mismatches. Consider rewriting code  [D:/Vivado/Project/net_engine_ip/net_engine_ip.srcs/sources_1/new/max_pool_cell.v:73]
WARNING: [Synth 8-7137] Register output_data_reg in module maxpooling_cell has both Set and reset with same priority. This may cause simulation mismatches. Consider rewriting code  [D:/Vivado/Project/net_engine_ip/net_engine_ip.srcs/sources_1/new/max_pool_cell.v:111]
WARNING: [Synth 8-7137] Register output_valid_reg in module maxpooling_cell has both Set and reset with same priority. This may cause simulation mismatches. Consider rewriting code  [D:/Vivado/Project/net_engine_ip/net_engine_ip.srcs/sources_1/new/max_pool_cell.v:116]
WARNING: [Synth 8-6014] Unused sequential element data_row_count_prev_reg was removed.  [D:/Vivado/Project/net_engine_ip/net_engine_ip.srcs/sources_1/new/net_engine_v1_0_S00_AXI_1.v:262]
WARNING: [Synth 8-3848] Net D_CNN_NET_OUT in module/entity net_engine_v1_0_S00_AXIS_1 does not have driver. [D:/Vivado/Project/net_engine_ip/net_engine_ip.srcs/sources_1/new/net_engine_v1_0_S00_AXI_1.v:41]
WARNING: [Synth 8-3848] Net D_CNN_NET_VALID_OUT in module/entity net_engine_v1_0_S00_AXIS_1 does not have driver. [D:/Vivado/Project/net_engine_ip/net_engine_ip.srcs/sources_1/new/net_engine_v1_0_S00_AXI_1.v:42]
WARNING: [Synth 8-3848] Net M_AXIS_TSTRB in module/entity net_engine_v1_0_S00_AXIS_1 does not have driver. [D:/Vivado/Project/net_engine_ip/net_engine_ip.srcs/sources_1/new/net_engine_v1_0_S00_AXI_1.v:51]
WARNING: [Synth 8-3848] Net M_AXIS_TLAST in module/entity net_engine_v1_0_S00_AXIS_1 does not have driver. [D:/Vivado/Project/net_engine_ip/net_engine_ip.srcs/sources_1/new/net_engine_v1_0_S00_AXI_1.v:52]
WARNING: [Synth 8-3848] Net D_STATUS_1 in module/entity net_engine_v1_0_S00_AXIS_1 does not have driver. [D:/Vivado/Project/net_engine_ip/net_engine_ip.srcs/sources_1/new/net_engine_v1_0_S00_AXI_1.v:57]
WARNING: [Synth 8-3848] Net D_STATUS_2 in module/entity net_engine_v1_0_S00_AXIS_1 does not have driver. [D:/Vivado/Project/net_engine_ip/net_engine_ip.srcs/sources_1/new/net_engine_v1_0_S00_AXI_1.v:58]
WARNING: [Synth 8-3848] Net in_control_reg_2 in module/entity net_engine_v1_0 does not have driver. [D:/Vivado/Project/ip_repo/net_engine/net_engine_1_0/hdl/net_engine_v1_0.v:85]
WARNING: [Synth 8-3848] Net in_control_reg_3 in module/entity net_engine_v1_0 does not have driver. [D:/Vivado/Project/ip_repo/net_engine/net_engine_1_0/hdl/net_engine_v1_0.v:86]
WARNING: [Synth 8-3848] Net in_control_reg_4 in module/entity net_engine_v1_0 does not have driver. [D:/Vivado/Project/ip_repo/net_engine/net_engine_1_0/hdl/net_engine_v1_0.v:87]
WARNING: [Synth 8-3848] Net in_control_reg_5 in module/entity net_engine_v1_0 does not have driver. [D:/Vivado/Project/ip_repo/net_engine/net_engine_1_0/hdl/net_engine_v1_0.v:88]
WARNING: [Synth 8-3848] Net in_control_reg_6 in module/entity net_engine_v1_0 does not have driver. [D:/Vivado/Project/ip_repo/net_engine/net_engine_1_0/hdl/net_engine_v1_0.v:89]
WARNING: [Synth 8-7129] Port D_CNN_NET_OUT[31] in module net_engine_v1_0_S00_AXIS_1 is either unconnected or has no load
WARNING: [Synth 8-7129] Port D_CNN_NET_OUT[30] in module net_engine_v1_0_S00_AXIS_1 is either unconnected or has no load
WARNING: [Synth 8-7129] Port D_CNN_NET_OUT[29] in module net_engine_v1_0_S00_AXIS_1 is either unconnected or has no load
WARNING: [Synth 8-7129] Port D_CNN_NET_OUT[28] in module net_engine_v1_0_S00_AXIS_1 is either unconnected or has no load
WARNING: [Synth 8-7129] Port D_CNN_NET_OUT[27] in module net_engine_v1_0_S00_AXIS_1 is either unconnected or has no load
WARNING: [Synth 8-7129] Port D_CNN_NET_OUT[26] in module net_engine_v1_0_S00_AXIS_1 is either unconnected or has no load
WARNING: [Synth 8-7129] Port D_CNN_NET_OUT[25] in module net_engine_v1_0_S00_AXIS_1 is either unconnected or has no load
WARNING: [Synth 8-7129] Port D_CNN_NET_OUT[24] in module net_engine_v1_0_S00_AXIS_1 is either unconnected or has no load
WARNING: [Synth 8-7129] Port D_CNN_NET_OUT[23] in module net_engine_v1_0_S00_AXIS_1 is either unconnected or has no load
WARNING: [Synth 8-7129] Port D_CNN_NET_OUT[22] in module net_engine_v1_0_S00_AXIS_1 is either unconnected or has no load
WARNING: [Synth 8-7129] Port D_CNN_NET_OUT[21] in module net_engine_v1_0_S00_AXIS_1 is either unconnected or has no load
WARNING: [Synth 8-7129] Port D_CNN_NET_OUT[20] in module net_engine_v1_0_S00_AXIS_1 is either unconnected or has no load
WARNING: [Synth 8-7129] Port D_CNN_NET_OUT[19] in module net_engine_v1_0_S00_AXIS_1 is either unconnected or has no load
WARNING: [Synth 8-7129] Port D_CNN_NET_OUT[18] in module net_engine_v1_0_S00_AXIS_1 is either unconnected or has no load
WARNING: [Synth 8-7129] Port D_CNN_NET_OUT[17] in module net_engine_v1_0_S00_AXIS_1 is either unconnected or has no load
WARNING: [Synth 8-7129] Port D_CNN_NET_OUT[16] in module net_engine_v1_0_S00_AXIS_1 is either unconnected or has no load
WARNING: [Synth 8-7129] Port D_CNN_NET_OUT[15] in module net_engine_v1_0_S00_AXIS_1 is either unconnected or has no load
WARNING: [Synth 8-7129] Port D_CNN_NET_OUT[14] in module net_engine_v1_0_S00_AXIS_1 is either unconnected or has no load
WARNING: [Synth 8-7129] Port D_CNN_NET_OUT[13] in module net_engine_v1_0_S00_AXIS_1 is either unconnected or has no load
WARNING: [Synth 8-7129] Port D_CNN_NET_OUT[12] in module net_engine_v1_0_S00_AXIS_1 is either unconnected or has no load
WARNING: [Synth 8-7129] Port D_CNN_NET_OUT[11] in module net_engine_v1_0_S00_AXIS_1 is either unconnected or has no load
WARNING: [Synth 8-7129] Port D_CNN_NET_OUT[10] in module net_engine_v1_0_S00_AXIS_1 is either unconnected or has no load
WARNING: [Synth 8-7129] Port D_CNN_NET_OUT[9] in module net_engine_v1_0_S00_AXIS_1 is either unconnected or has no load
WARNING: [Synth 8-7129] Port D_CNN_NET_OUT[8] in module net_engine_v1_0_S00_AXIS_1 is either unconnected or has no load
WARNING: [Synth 8-7129] Port D_CNN_NET_OUT[7] in module net_engine_v1_0_S00_AXIS_1 is either unconnected or has no load
WARNING: [Synth 8-7129] Port D_CNN_NET_OUT[6] in module net_engine_v1_0_S00_AXIS_1 is either unconnected or has no load
WARNING: [Synth 8-7129] Port D_CNN_NET_OUT[5] in module net_engine_v1_0_S00_AXIS_1 is either unconnected or has no load
WARNING: [Synth 8-7129] Port D_CNN_NET_OUT[4] in module net_engine_v1_0_S00_AXIS_1 is either unconnected or has no load
WARNING: [Synth 8-7129] Port D_CNN_NET_OUT[3] in module net_engine_v1_0_S00_AXIS_1 is either unconnected or has no load
WARNING: [Synth 8-7129] Port D_CNN_NET_OUT[2] in module net_engine_v1_0_S00_AXIS_1 is either unconnected or has no load
WARNING: [Synth 8-7129] Port D_CNN_NET_OUT[1] in module net_engine_v1_0_S00_AXIS_1 is either unconnected or has no load
WARNING: [Synth 8-7129] Port D_CNN_NET_OUT[0] in module net_engine_v1_0_S00_AXIS_1 is either unconnected or has no load
WARNING: [Synth 8-7129] Port D_CNN_NET_VALID_OUT[1] in module net_engine_v1_0_S00_AXIS_1 is either unconnected or has no load
WARNING: [Synth 8-7129] Port D_CNN_NET_VALID_OUT[0] in module net_engine_v1_0_S00_AXIS_1 is either unconnected or has no load
WARNING: [Synth 8-7129] Port M_AXIS_TSTRB[3] in module net_engine_v1_0_S00_AXIS_1 is either unconnected or has no load
WARNING: [Synth 8-7129] Port M_AXIS_TSTRB[2] in module net_engine_v1_0_S00_AXIS_1 is either unconnected or has no load
WARNING: [Synth 8-7129] Port M_AXIS_TSTRB[1] in module net_engine_v1_0_S00_AXIS_1 is either unconnected or has no load
WARNING: [Synth 8-7129] Port M_AXIS_TSTRB[0] in module net_engine_v1_0_S00_AXIS_1 is either unconnected or has no load
WARNING: [Synth 8-7129] Port M_AXIS_TLAST in module net_engine_v1_0_S00_AXIS_1 is either unconnected or has no load
WARNING: [Synth 8-7129] Port D_STATUS_1[31] in module net_engine_v1_0_S00_AXIS_1 is either unconnected or has no load
WARNING: [Synth 8-7129] Port D_STATUS_1[30] in module net_engine_v1_0_S00_AXIS_1 is either unconnected or has no load
WARNING: [Synth 8-7129] Port D_STATUS_1[29] in module net_engine_v1_0_S00_AXIS_1 is either unconnected or has no load
WARNING: [Synth 8-7129] Port D_STATUS_1[28] in module net_engine_v1_0_S00_AXIS_1 is either unconnected or has no load
WARNING: [Synth 8-7129] Port D_STATUS_1[27] in module net_engine_v1_0_S00_AXIS_1 is either unconnected or has no load
WARNING: [Synth 8-7129] Port D_STATUS_1[26] in module net_engine_v1_0_S00_AXIS_1 is either unconnected or has no load
WARNING: [Synth 8-7129] Port D_STATUS_1[25] in module net_engine_v1_0_S00_AXIS_1 is either unconnected or has no load
WARNING: [Synth 8-7129] Port D_STATUS_1[24] in module net_engine_v1_0_S00_AXIS_1 is either unconnected or has no load
WARNING: [Synth 8-7129] Port D_STATUS_1[23] in module net_engine_v1_0_S00_AXIS_1 is either unconnected or has no load
WARNING: [Synth 8-7129] Port D_STATUS_1[22] in module net_engine_v1_0_S00_AXIS_1 is either unconnected or has no load
WARNING: [Synth 8-7129] Port D_STATUS_1[21] in module net_engine_v1_0_S00_AXIS_1 is either unconnected or has no load
WARNING: [Synth 8-7129] Port D_STATUS_1[20] in module net_engine_v1_0_S00_AXIS_1 is either unconnected or has no load
WARNING: [Synth 8-7129] Port D_STATUS_1[19] in module net_engine_v1_0_S00_AXIS_1 is either unconnected or has no load
WARNING: [Synth 8-7129] Port D_STATUS_1[18] in module net_engine_v1_0_S00_AXIS_1 is either unconnected or has no load
WARNING: [Synth 8-7129] Port D_STATUS_1[17] in module net_engine_v1_0_S00_AXIS_1 is either unconnected or has no load
WARNING: [Synth 8-7129] Port D_STATUS_1[16] in module net_engine_v1_0_S00_AXIS_1 is either unconnected or has no load
WARNING: [Synth 8-7129] Port D_STATUS_1[15] in module net_engine_v1_0_S00_AXIS_1 is either unconnected or has no load
WARNING: [Synth 8-7129] Port D_STATUS_1[14] in module net_engine_v1_0_S00_AXIS_1 is either unconnected or has no load
WARNING: [Synth 8-7129] Port D_STATUS_1[13] in module net_engine_v1_0_S00_AXIS_1 is either unconnected or has no load
WARNING: [Synth 8-7129] Port D_STATUS_1[12] in module net_engine_v1_0_S00_AXIS_1 is either unconnected or has no load
WARNING: [Synth 8-7129] Port D_STATUS_1[11] in module net_engine_v1_0_S00_AXIS_1 is either unconnected or has no load
WARNING: [Synth 8-7129] Port D_STATUS_1[10] in module net_engine_v1_0_S00_AXIS_1 is either unconnected or has no load
WARNING: [Synth 8-7129] Port D_STATUS_1[9] in module net_engine_v1_0_S00_AXIS_1 is either unconnected or has no load
WARNING: [Synth 8-7129] Port D_STATUS_1[8] in module net_engine_v1_0_S00_AXIS_1 is either unconnected or has no load
WARNING: [Synth 8-7129] Port D_STATUS_1[7] in module net_engine_v1_0_S00_AXIS_1 is either unconnected or has no load
WARNING: [Synth 8-7129] Port D_STATUS_1[6] in module net_engine_v1_0_S00_AXIS_1 is either unconnected or has no load
WARNING: [Synth 8-7129] Port D_STATUS_1[5] in module net_engine_v1_0_S00_AXIS_1 is either unconnected or has no load
WARNING: [Synth 8-7129] Port D_STATUS_1[4] in module net_engine_v1_0_S00_AXIS_1 is either unconnected or has no load
WARNING: [Synth 8-7129] Port D_STATUS_1[3] in module net_engine_v1_0_S00_AXIS_1 is either unconnected or has no load
WARNING: [Synth 8-7129] Port D_STATUS_1[2] in module net_engine_v1_0_S00_AXIS_1 is either unconnected or has no load
WARNING: [Synth 8-7129] Port D_STATUS_1[1] in module net_engine_v1_0_S00_AXIS_1 is either unconnected or has no load
WARNING: [Synth 8-7129] Port D_STATUS_1[0] in module net_engine_v1_0_S00_AXIS_1 is either unconnected or has no load
WARNING: [Synth 8-7129] Port D_STATUS_2[31] in module net_engine_v1_0_S00_AXIS_1 is either unconnected or has no load
WARNING: [Synth 8-7129] Port D_STATUS_2[30] in module net_engine_v1_0_S00_AXIS_1 is either unconnected or has no load
WARNING: [Synth 8-7129] Port D_STATUS_2[29] in module net_engine_v1_0_S00_AXIS_1 is either unconnected or has no load
WARNING: [Synth 8-7129] Port D_STATUS_2[28] in module net_engine_v1_0_S00_AXIS_1 is either unconnected or has no load
WARNING: [Synth 8-7129] Port D_STATUS_2[27] in module net_engine_v1_0_S00_AXIS_1 is either unconnected or has no load
WARNING: [Synth 8-7129] Port D_STATUS_2[26] in module net_engine_v1_0_S00_AXIS_1 is either unconnected or has no load
WARNING: [Synth 8-7129] Port D_STATUS_2[25] in module net_engine_v1_0_S00_AXIS_1 is either unconnected or has no load
WARNING: [Synth 8-7129] Port D_STATUS_2[24] in module net_engine_v1_0_S00_AXIS_1 is either unconnected or has no load
WARNING: [Synth 8-7129] Port D_STATUS_2[23] in module net_engine_v1_0_S00_AXIS_1 is either unconnected or has no load
WARNING: [Synth 8-7129] Port D_STATUS_2[22] in module net_engine_v1_0_S00_AXIS_1 is either unconnected or has no load
WARNING: [Synth 8-7129] Port D_STATUS_2[21] in module net_engine_v1_0_S00_AXIS_1 is either unconnected or has no load
WARNING: [Synth 8-7129] Port D_STATUS_2[20] in module net_engine_v1_0_S00_AXIS_1 is either unconnected or has no load
WARNING: [Synth 8-7129] Port D_STATUS_2[19] in module net_engine_v1_0_S00_AXIS_1 is either unconnected or has no load
WARNING: [Synth 8-7129] Port D_STATUS_2[18] in module net_engine_v1_0_S00_AXIS_1 is either unconnected or has no load
WARNING: [Synth 8-7129] Port D_STATUS_2[17] in module net_engine_v1_0_S00_AXIS_1 is either unconnected or has no load
WARNING: [Synth 8-7129] Port D_STATUS_2[16] in module net_engine_v1_0_S00_AXIS_1 is either unconnected or has no load
WARNING: [Synth 8-7129] Port D_STATUS_2[15] in module net_engine_v1_0_S00_AXIS_1 is either unconnected or has no load
WARNING: [Synth 8-7129] Port D_STATUS_2[14] in module net_engine_v1_0_S00_AXIS_1 is either unconnected or has no load
WARNING: [Synth 8-7129] Port D_STATUS_2[13] in module net_engine_v1_0_S00_AXIS_1 is either unconnected or has no load
WARNING: [Synth 8-7129] Port D_STATUS_2[12] in module net_engine_v1_0_S00_AXIS_1 is either unconnected or has no load
WARNING: [Synth 8-7129] Port D_STATUS_2[11] in module net_engine_v1_0_S00_AXIS_1 is either unconnected or has no load
WARNING: [Synth 8-7129] Port D_STATUS_2[10] in module net_engine_v1_0_S00_AXIS_1 is either unconnected or has no load
WARNING: [Synth 8-7129] Port D_STATUS_2[9] in module net_engine_v1_0_S00_AXIS_1 is either unconnected or has no load
WARNING: [Synth 8-7129] Port D_STATUS_2[8] in module net_engine_v1_0_S00_AXIS_1 is either unconnected or has no load
WARNING: [Synth 8-7129] Port D_STATUS_2[7] in module net_engine_v1_0_S00_AXIS_1 is either unconnected or has no load
WARNING: [Synth 8-7129] Port D_STATUS_2[6] in module net_engine_v1_0_S00_AXIS_1 is either unconnected or has no load
WARNING: [Synth 8-7129] Port D_STATUS_2[5] in module net_engine_v1_0_S00_AXIS_1 is either unconnected or has no load
WARNING: [Synth 8-7129] Port D_STATUS_2[4] in module net_engine_v1_0_S00_AXIS_1 is either unconnected or has no load
WARNING: [Synth 8-7129] Port D_STATUS_2[3] in module net_engine_v1_0_S00_AXIS_1 is either unconnected or has no load
INFO: [Common 17-14] Message 'Synth 8-7129' appears 100 times and further instances of the messages will be disabled. Use the Tcl command set_msg_config to change the current settings.
---------------------------------------------------------------------------------
Finished RTL Elaboration : Time (s): cpu = 00:00:12 ; elapsed = 00:00:14 . Memory (MB): peak = 1470.012 ; gain = 564.812
---------------------------------------------------------------------------------
---------------------------------------------------------------------------------
Start Handling Custom Attributes
---------------------------------------------------------------------------------
---------------------------------------------------------------------------------
Finished Handling Custom Attributes : Time (s): cpu = 00:00:12 ; elapsed = 00:00:14 . Memory (MB): peak = 1470.012 ; gain = 564.812
---------------------------------------------------------------------------------
---------------------------------------------------------------------------------
Finished RTL Optimization Phase 1 : Time (s): cpu = 00:00:12 ; elapsed = 00:00:14 . Memory (MB): peak = 1470.012 ; gain = 564.812
---------------------------------------------------------------------------------
Netlist sorting complete. Time (s): cpu = 00:00:00 ; elapsed = 00:00:00.070 . Memory (MB): peak = 1470.012 ; gain = 0.000
INFO: [Project 1-570] Preparing netlist for logic optimization

Processing XDC Constraints
Initializing timing engine
Parsing XDC File [d:/Vivado/Project/net_engine_ip/net_engine_ip.gen/sources_1/ip/master_fifo_out/master_fifo_out/master_fifo_out_in_context.xdc] for cell 'net_engine_v1_0_S00_AXIS_inst/master_fifo_out_ins'
Finished Parsing XDC File [d:/Vivado/Project/net_engine_ip/net_engine_ip.gen/sources_1/ip/master_fifo_out/master_fifo_out/master_fifo_out_in_context.xdc] for cell 'net_engine_v1_0_S00_AXIS_inst/master_fifo_out_ins'
Completed Processing XDC Constraints

Netlist sorting complete. Time (s): cpu = 00:00:00 ; elapsed = 00:00:00.001 . Memory (MB): peak = 1568.910 ; gain = 0.000
INFO: [Project 1-111] Unisim Transformation Summary:
No Unisim elements were transformed.

The system cannot find the path specified.
Constraint Validation Runtime : Time (s): cpu = 00:00:00 ; elapsed = 00:00:00.025 . Memory (MB): peak = 1568.910 ; gain = 0.000
INFO: [Designutils 20-5440] No compile time benefit to using incremental synthesis; A full resynthesis will be run
INFO: [Designutils 20-4379] Flow is switching to default flow due to incremental criteria not met. If you would like to alter this behaviour and have the flow terminate instead, please set the following parameter config_implementation {autoIncr.Synth.RejectBehavior Terminate}
---------------------------------------------------------------------------------
Finished Constraint Validation : Time (s): cpu = 00:00:24 ; elapsed = 00:00:27 . Memory (MB): peak = 1568.910 ; gain = 663.711
---------------------------------------------------------------------------------
---------------------------------------------------------------------------------
Start Loading Part and Timing Information
---------------------------------------------------------------------------------
Loading part: xc7z020clg400-1
---------------------------------------------------------------------------------
Finished Loading Part and Timing Information : Time (s): cpu = 00:00:24 ; elapsed = 00:00:27 . Memory (MB): peak = 1568.910 ; gain = 663.711
---------------------------------------------------------------------------------
---------------------------------------------------------------------------------
Start Applying 'set_property' XDC Constraints
---------------------------------------------------------------------------------
Applied set_property KEEP_HIERARCHY = SOFT for net_engine_v1_0_S00_AXIS_inst/master_fifo_out_ins. (constraint file  auto generated constraint).
---------------------------------------------------------------------------------
Finished applying 'set_property' XDC Constraints : Time (s): cpu = 00:00:24 ; elapsed = 00:00:27 . Memory (MB): peak = 1568.910 ; gain = 663.711
---------------------------------------------------------------------------------
WARNING: [Synth 8-327] inferring latch for variable 'data_row_filled_copy_reg' [D:/Vivado/Project/net_engine_ip/net_engine_ip.srcs/sources_1/new/net_engine_v1_0_S00_AXI_1.v:291]
---------------------------------------------------------------------------------
Finished RTL Optimization Phase 2 : Time (s): cpu = 00:00:25 ; elapsed = 00:00:28 . Memory (MB): peak = 1568.910 ; gain = 663.711
---------------------------------------------------------------------------------
---------------------------------------------------------------------------------
Start RTL Component Statistics 
---------------------------------------------------------------------------------
Detailed RTL Component Info : 
+---Adders : 
	   9 Input   32 Bit       Adders := 1     
	   2 Input   32 Bit       Adders := 1     
	   2 Input    4 Bit       Adders := 1     
	   2 Input    2 Bit       Adders := 1     
+---Registers : 
	               32 Bit    Registers := 41    
	                7 Bit    Registers := 2     
	                4 Bit    Registers := 2     
	                2 Bit    Registers := 2     
	                1 Bit    Registers := 15    
+---Multipliers : 
	              32x32  Multipliers := 10    
+---RAMs : 
	               64 Bit	(2 X 32 bit)          RAMs := 4     
+---Muxes : 
	   2 Input   32 Bit        Muxes := 25    
	  20 Input   32 Bit        Muxes := 14    
	   5 Input   32 Bit        Muxes := 6     
	   2 Input    4 Bit        Muxes := 1     
	   2 Input    2 Bit        Muxes := 1     
	   2 Input    1 Bit        Muxes := 16    
	  20 Input    1 Bit        Muxes := 1     
	   5 Input    1 Bit        Muxes := 1     
	   8 Input    1 Bit        Muxes := 4     
---------------------------------------------------------------------------------
Finished RTL Component Statistics 
---------------------------------------------------------------------------------
---------------------------------------------------------------------------------
Start Part Resource Summary
---------------------------------------------------------------------------------
Part Resources:
DSPs: 220 (col length:60)
BRAMs: 280 (col length: RAMB18 60 RAMB36 30)
---------------------------------------------------------------------------------
Finished Part Resource Summary
---------------------------------------------------------------------------------
---------------------------------------------------------------------------------
Start Cross Boundary and Area Optimization
---------------------------------------------------------------------------------
WARNING: [Synth 8-7080] Parallel synthesis criteria is not met
DSP Report: Generating DSP p_0_out, operation Mode is: A*B.
DSP Report: operator p_0_out is absorbed into DSP p_0_out.
DSP Report: operator p_0_out is absorbed into DSP p_0_out.
DSP Report: Generating DSP multiply_reg_reg[1], operation Mode is: (PCIN>>17)+A*B.
DSP Report: register multiply_reg_reg[1] is absorbed into DSP multiply_reg_reg[1].
DSP Report: operator p_0_out is absorbed into DSP multiply_reg_reg[1].
DSP Report: operator p_0_out is absorbed into DSP multiply_reg_reg[1].
DSP Report: Generating DSP p_0_out, operation Mode is: A*B.
DSP Report: operator p_0_out is absorbed into DSP p_0_out.
DSP Report: operator p_0_out is absorbed into DSP p_0_out.
DSP Report: Generating DSP multiply_reg_reg[1], operation Mode is: (PCIN>>17)+A*B.
DSP Report: register multiply_reg_reg[1] is absorbed into DSP multiply_reg_reg[1].
DSP Report: operator p_0_out is absorbed into DSP multiply_reg_reg[1].
DSP Report: operator p_0_out is absorbed into DSP multiply_reg_reg[1].
DSP Report: Generating DSP p_0_out, operation Mode is: A*B.
DSP Report: operator p_0_out is absorbed into DSP p_0_out.
DSP Report: operator p_0_out is absorbed into DSP p_0_out.
DSP Report: Generating DSP multiply_reg_reg[2], operation Mode is: (PCIN>>17)+A*B.
DSP Report: register multiply_reg_reg[2] is absorbed into DSP multiply_reg_reg[2].
DSP Report: operator p_0_out is absorbed into DSP multiply_reg_reg[2].
DSP Report: operator p_0_out is absorbed into DSP multiply_reg_reg[2].
DSP Report: Generating DSP p_0_out, operation Mode is: A*B.
DSP Report: operator p_0_out is absorbed into DSP p_0_out.
DSP Report: operator p_0_out is absorbed into DSP p_0_out.
DSP Report: Generating DSP multiply_reg_reg[2], operation Mode is: (PCIN>>17)+A*B.
DSP Report: register multiply_reg_reg[2] is absorbed into DSP multiply_reg_reg[2].
DSP Report: operator p_0_out is absorbed into DSP multiply_reg_reg[2].
DSP Report: operator p_0_out is absorbed into DSP multiply_reg_reg[2].
DSP Report: Generating DSP p_0_out, operation Mode is: A*B.
DSP Report: operator p_0_out is absorbed into DSP p_0_out.
DSP Report: operator p_0_out is absorbed into DSP p_0_out.
DSP Report: Generating DSP multiply_reg_reg[3], operation Mode is: (PCIN>>17)+A*B.
DSP Report: register multiply_reg_reg[3] is absorbed into DSP multiply_reg_reg[3].
DSP Report: operator p_0_out is absorbed into DSP multiply_reg_reg[3].
DSP Report: operator p_0_out is absorbed into DSP multiply_reg_reg[3].
DSP Report: Generating DSP p_0_out, operation Mode is: A*B.
DSP Report: operator p_0_out is absorbed into DSP p_0_out.
DSP Report: operator p_0_out is absorbed into DSP p_0_out.
DSP Report: Generating DSP multiply_reg_reg[3], operation Mode is: (PCIN>>17)+A*B.
DSP Report: register multiply_reg_reg[3] is absorbed into DSP multiply_reg_reg[3].
DSP Report: operator p_0_out is absorbed into DSP multiply_reg_reg[3].
DSP Report: operator p_0_out is absorbed into DSP multiply_reg_reg[3].
DSP Report: Generating DSP p_0_out, operation Mode is: A*B.
DSP Report: operator p_0_out is absorbed into DSP p_0_out.
DSP Report: operator p_0_out is absorbed into DSP p_0_out.
DSP Report: Generating DSP multiply_reg_reg[4], operation Mode is: (PCIN>>17)+A*B.
DSP Report: register multiply_reg_reg[4] is absorbed into DSP multiply_reg_reg[4].
DSP Report: operator p_0_out is absorbed into DSP multiply_reg_reg[4].
DSP Report: operator p_0_out is absorbed into DSP multiply_reg_reg[4].
DSP Report: Generating DSP p_0_out, operation Mode is: A*B.
DSP Report: operator p_0_out is absorbed into DSP p_0_out.
DSP Report: operator p_0_out is absorbed into DSP p_0_out.
DSP Report: Generating DSP multiply_reg_reg[4], operation Mode is: (PCIN>>17)+A*B.
DSP Report: register multiply_reg_reg[4] is absorbed into DSP multiply_reg_reg[4].
DSP Report: operator p_0_out is absorbed into DSP multiply_reg_reg[4].
DSP Report: operator p_0_out is absorbed into DSP multiply_reg_reg[4].
DSP Report: Generating DSP p_0_out, operation Mode is: A*B.
DSP Report: operator p_0_out is absorbed into DSP p_0_out.
DSP Report: operator p_0_out is absorbed into DSP p_0_out.
DSP Report: Generating DSP multiply_reg_reg[5], operation Mode is: (PCIN>>17)+A*B.
DSP Report: register multiply_reg_reg[5] is absorbed into DSP multiply_reg_reg[5].
DSP Report: operator p_0_out is absorbed into DSP multiply_reg_reg[5].
DSP Report: operator p_0_out is absorbed into DSP multiply_reg_reg[5].
DSP Report: Generating DSP p_0_out, operation Mode is: A*B.
DSP Report: operator p_0_out is absorbed into DSP p_0_out.
DSP Report: operator p_0_out is absorbed into DSP p_0_out.
DSP Report: Generating DSP multiply_reg_reg[5], operation Mode is: (PCIN>>17)+A*B.
DSP Report: register multiply_reg_reg[5] is absorbed into DSP multiply_reg_reg[5].
DSP Report: operator p_0_out is absorbed into DSP multiply_reg_reg[5].
DSP Report: operator p_0_out is absorbed into DSP multiply_reg_reg[5].
DSP Report: Generating DSP p_0_out, operation Mode is: A*B.
DSP Report: operator p_0_out is absorbed into DSP p_0_out.
DSP Report: operator p_0_out is absorbed into DSP p_0_out.
DSP Report: Generating DSP multiply_reg_reg[6], operation Mode is: (PCIN>>17)+A*B.
DSP Report: register multiply_reg_reg[6] is absorbed into DSP multiply_reg_reg[6].
DSP Report: operator p_0_out is absorbed into DSP multiply_reg_reg[6].
DSP Report: operator p_0_out is absorbed into DSP multiply_reg_reg[6].
DSP Report: Generating DSP p_0_out, operation Mode is: A*B.
DSP Report: operator p_0_out is absorbed into DSP p_0_out.
DSP Report: operator p_0_out is absorbed into DSP p_0_out.
DSP Report: Generating DSP multiply_reg_reg[6], operation Mode is: (PCIN>>17)+A*B.
DSP Report: register multiply_reg_reg[6] is absorbed into DSP multiply_reg_reg[6].
DSP Report: operator p_0_out is absorbed into DSP multiply_reg_reg[6].
DSP Report: operator p_0_out is absorbed into DSP multiply_reg_reg[6].
DSP Report: Generating DSP p_0_out, operation Mode is: A*B.
DSP Report: operator p_0_out is absorbed into DSP p_0_out.
DSP Report: operator p_0_out is absorbed into DSP p_0_out.
DSP Report: Generating DSP multiply_reg_reg[7], operation Mode is: (PCIN>>17)+A*B.
DSP Report: register multiply_reg_reg[7] is absorbed into DSP multiply_reg_reg[7].
DSP Report: operator p_0_out is absorbed into DSP multiply_reg_reg[7].
DSP Report: operator p_0_out is absorbed into DSP multiply_reg_reg[7].
DSP Report: Generating DSP p_0_out, operation Mode is: A*B.
DSP Report: operator p_0_out is absorbed into DSP p_0_out.
DSP Report: operator p_0_out is absorbed into DSP p_0_out.
DSP Report: Generating DSP multiply_reg_reg[7], operation Mode is: (PCIN>>17)+A*B.
DSP Report: register multiply_reg_reg[7] is absorbed into DSP multiply_reg_reg[7].
DSP Report: operator p_0_out is absorbed into DSP multiply_reg_reg[7].
DSP Report: operator p_0_out is absorbed into DSP multiply_reg_reg[7].
DSP Report: Generating DSP p_0_out, operation Mode is: A*B.
DSP Report: operator p_0_out is absorbed into DSP p_0_out.
DSP Report: operator p_0_out is absorbed into DSP p_0_out.
DSP Report: Generating DSP multiply_reg_reg[8], operation Mode is: (PCIN>>17)+A*B.
DSP Report: register multiply_reg_reg[8] is absorbed into DSP multiply_reg_reg[8].
DSP Report: operator p_0_out is absorbed into DSP multiply_reg_reg[8].
DSP Report: operator p_0_out is absorbed into DSP multiply_reg_reg[8].
DSP Report: Generating DSP p_0_out, operation Mode is: A*B.
DSP Report: operator p_0_out is absorbed into DSP p_0_out.
DSP Report: operator p_0_out is absorbed into DSP p_0_out.
DSP Report: Generating DSP multiply_reg_reg[8], operation Mode is: (PCIN>>17)+A*B.
DSP Report: register multiply_reg_reg[8] is absorbed into DSP multiply_reg_reg[8].
DSP Report: operator p_0_out is absorbed into DSP multiply_reg_reg[8].
DSP Report: operator p_0_out is absorbed into DSP multiply_reg_reg[8].
DSP Report: Generating DSP p_0_out, operation Mode is: A*B.
DSP Report: operator p_0_out is absorbed into DSP p_0_out.
DSP Report: operator p_0_out is absorbed into DSP p_0_out.
DSP Report: Generating DSP multiply_reg_reg[0], operation Mode is: (PCIN>>17)+A*B.
DSP Report: register multiply_reg_reg[0] is absorbed into DSP multiply_reg_reg[0].
DSP Report: operator p_0_out is absorbed into DSP multiply_reg_reg[0].
DSP Report: operator p_0_out is absorbed into DSP multiply_reg_reg[0].
DSP Report: Generating DSP p_0_out, operation Mode is: A*B.
DSP Report: operator p_0_out is absorbed into DSP p_0_out.
DSP Report: operator p_0_out is absorbed into DSP p_0_out.
DSP Report: Generating DSP multiply_reg_reg[0], operation Mode is: (PCIN>>17)+A*B.
DSP Report: register multiply_reg_reg[0] is absorbed into DSP multiply_reg_reg[0].
DSP Report: operator p_0_out is absorbed into DSP multiply_reg_reg[0].
DSP Report: operator p_0_out is absorbed into DSP multiply_reg_reg[0].
DSP Report: Generating DSP o_data_reg0, operation Mode is: A*B.
DSP Report: operator o_data_reg0 is absorbed into DSP o_data_reg0.
DSP Report: operator o_data_reg0 is absorbed into DSP o_data_reg0.
DSP Report: Generating DSP o_data_reg_reg, operation Mode is: (PCIN>>17)+A*B.
DSP Report: register o_data_reg_reg is absorbed into DSP o_data_reg_reg.
DSP Report: operator o_data_reg0 is absorbed into DSP o_data_reg_reg.
DSP Report: operator o_data_reg0 is absorbed into DSP o_data_reg_reg.
DSP Report: Generating DSP o_data_reg0, operation Mode is: A*B.
DSP Report: operator o_data_reg0 is absorbed into DSP o_data_reg0.
DSP Report: operator o_data_reg0 is absorbed into DSP o_data_reg0.
DSP Report: Generating DSP o_data_reg_reg, operation Mode is: (PCIN>>17)+A*B.
DSP Report: register o_data_reg_reg is absorbed into DSP o_data_reg_reg.
DSP Report: operator o_data_reg0 is absorbed into DSP o_data_reg_reg.
DSP Report: operator o_data_reg0 is absorbed into DSP o_data_reg_reg.
WARNING: [Synth 8-3332] Sequential element (conv_cell_inst/multiply_reg_reg[1][47]) is unused and will be removed from module net_engine_v1_0_S00_AXIS_1.
WARNING: [Synth 8-3332] Sequential element (conv_cell_inst/multiply_reg_reg[1][46]) is unused and will be removed from module net_engine_v1_0_S00_AXIS_1.
WARNING: [Synth 8-3332] Sequential element (conv_cell_inst/multiply_reg_reg[1][45]) is unused and will be removed from module net_engine_v1_0_S00_AXIS_1.
WARNING: [Synth 8-3332] Sequential element (conv_cell_inst/multiply_reg_reg[1][44]) is unused and will be removed from module net_engine_v1_0_S00_AXIS_1.
WARNING: [Synth 8-3332] Sequential element (conv_cell_inst/multiply_reg_reg[1][43]) is unused and will be removed from module net_engine_v1_0_S00_AXIS_1.
WARNING: [Synth 8-3332] Sequential element (conv_cell_inst/multiply_reg_reg[1][42]) is unused and will be removed from module net_engine_v1_0_S00_AXIS_1.
WARNING: [Synth 8-3332] Sequential element (conv_cell_inst/multiply_reg_reg[1][41]) is unused and will be removed from module net_engine_v1_0_S00_AXIS_1.
WARNING: [Synth 8-3332] Sequential element (conv_cell_inst/multiply_reg_reg[1][40]) is unused and will be removed from module net_engine_v1_0_S00_AXIS_1.
WARNING: [Synth 8-3332] Sequential element (conv_cell_inst/multiply_reg_reg[1][39]) is unused and will be removed from module net_engine_v1_0_S00_AXIS_1.
WARNING: [Synth 8-3332] Sequential element (conv_cell_inst/multiply_reg_reg[1][38]) is unused and will be removed from module net_engine_v1_0_S00_AXIS_1.
WARNING: [Synth 8-3332] Sequential element (conv_cell_inst/multiply_reg_reg[1][37]) is unused and will be removed from module net_engine_v1_0_S00_AXIS_1.
WARNING: [Synth 8-3332] Sequential element (conv_cell_inst/multiply_reg_reg[1][36]) is unused and will be removed from module net_engine_v1_0_S00_AXIS_1.
WARNING: [Synth 8-3332] Sequential element (conv_cell_inst/multiply_reg_reg[1][35]) is unused and will be removed from module net_engine_v1_0_S00_AXIS_1.
WARNING: [Synth 8-3332] Sequential element (conv_cell_inst/multiply_reg_reg[1][34]) is unused and will be removed from module net_engine_v1_0_S00_AXIS_1.
WARNING: [Synth 8-3332] Sequential element (conv_cell_inst/multiply_reg_reg[1][33]) is unused and will be removed from module net_engine_v1_0_S00_AXIS_1.
WARNING: [Synth 8-3332] Sequential element (conv_cell_inst/multiply_reg_reg[1][32]) is unused and will be removed from module net_engine_v1_0_S00_AXIS_1.
WARNING: [Synth 8-3332] Sequential element (conv_cell_inst/multiply_reg_reg[1][31]) is unused and will be removed from module net_engine_v1_0_S00_AXIS_1.
WARNING: [Synth 8-3332] Sequential element (conv_cell_inst/multiply_reg_reg[1][30]) is unused and will be removed from module net_engine_v1_0_S00_AXIS_1.
WARNING: [Synth 8-3332] Sequential element (conv_cell_inst/multiply_reg_reg[1][29]) is unused and will be removed from module net_engine_v1_0_S00_AXIS_1.
WARNING: [Synth 8-3332] Sequential element (conv_cell_inst/multiply_reg_reg[1][28]) is unused and will be removed from module net_engine_v1_0_S00_AXIS_1.
WARNING: [Synth 8-3332] Sequential element (conv_cell_inst/multiply_reg_reg[1][27]) is unused and will be removed from module net_engine_v1_0_S00_AXIS_1.
WARNING: [Synth 8-3332] Sequential element (conv_cell_inst/multiply_reg_reg[1][26]) is unused and will be removed from module net_engine_v1_0_S00_AXIS_1.
WARNING: [Synth 8-3332] Sequential element (conv_cell_inst/multiply_reg_reg[1][25]) is unused and will be removed from module net_engine_v1_0_S00_AXIS_1.
WARNING: [Synth 8-3332] Sequential element (conv_cell_inst/multiply_reg_reg[1][24]) is unused and will be removed from module net_engine_v1_0_S00_AXIS_1.
WARNING: [Synth 8-3332] Sequential element (conv_cell_inst/multiply_reg_reg[1][23]) is unused and will be removed from module net_engine_v1_0_S00_AXIS_1.
WARNING: [Synth 8-3332] Sequential element (conv_cell_inst/multiply_reg_reg[1][22]) is unused and will be removed from module net_engine_v1_0_S00_AXIS_1.
WARNING: [Synth 8-3332] Sequential element (conv_cell_inst/multiply_reg_reg[1][21]) is unused and will be removed from module net_engine_v1_0_S00_AXIS_1.
WARNING: [Synth 8-3332] Sequential element (conv_cell_inst/multiply_reg_reg[1][20]) is unused and will be removed from module net_engine_v1_0_S00_AXIS_1.
WARNING: [Synth 8-3332] Sequential element (conv_cell_inst/multiply_reg_reg[1][19]) is unused and will be removed from module net_engine_v1_0_S00_AXIS_1.
WARNING: [Synth 8-3332] Sequential element (conv_cell_inst/multiply_reg_reg[1][18]) is unused and will be removed from module net_engine_v1_0_S00_AXIS_1.
WARNING: [Synth 8-3332] Sequential element (conv_cell_inst/multiply_reg_reg[1][17]) is unused and will be removed from module net_engine_v1_0_S00_AXIS_1.
WARNING: [Synth 8-3332] Sequential element (conv_cell_inst/multiply_reg_reg[1][16]) is unused and will be removed from module net_engine_v1_0_S00_AXIS_1.
WARNING: [Synth 8-3332] Sequential element (conv_cell_inst/multiply_reg_reg[1][15]) is unused and will be removed from module net_engine_v1_0_S00_AXIS_1.
WARNING: [Synth 8-3332] Sequential element (conv_cell_inst/multiply_reg_reg[1][47]__0) is unused and will be removed from module net_engine_v1_0_S00_AXIS_1.
WARNING: [Synth 8-3332] Sequential element (conv_cell_inst/multiply_reg_reg[1][46]__0) is unused and will be removed from module net_engine_v1_0_S00_AXIS_1.
WARNING: [Synth 8-3332] Sequential element (conv_cell_inst/multiply_reg_reg[1][45]__0) is unused and will be removed from module net_engine_v1_0_S00_AXIS_1.
WARNING: [Synth 8-3332] Sequential element (conv_cell_inst/multiply_reg_reg[1][44]__0) is unused and will be removed from module net_engine_v1_0_S00_AXIS_1.
WARNING: [Synth 8-3332] Sequential element (conv_cell_inst/multiply_reg_reg[1][43]__0) is unused and will be removed from module net_engine_v1_0_S00_AXIS_1.
WARNING: [Synth 8-3332] Sequential element (conv_cell_inst/multiply_reg_reg[1][42]__0) is unused and will be removed from module net_engine_v1_0_S00_AXIS_1.
WARNING: [Synth 8-3332] Sequential element (conv_cell_inst/multiply_reg_reg[1][41]__0) is unused and will be removed from module net_engine_v1_0_S00_AXIS_1.
WARNING: [Synth 8-3332] Sequential element (conv_cell_inst/multiply_reg_reg[1][40]__0) is unused and will be removed from module net_engine_v1_0_S00_AXIS_1.
WARNING: [Synth 8-3332] Sequential element (conv_cell_inst/multiply_reg_reg[1][39]__0) is unused and will be removed from module net_engine_v1_0_S00_AXIS_1.
WARNING: [Synth 8-3332] Sequential element (conv_cell_inst/multiply_reg_reg[1][38]__0) is unused and will be removed from module net_engine_v1_0_S00_AXIS_1.
WARNING: [Synth 8-3332] Sequential element (conv_cell_inst/multiply_reg_reg[1][37]__0) is unused and will be removed from module net_engine_v1_0_S00_AXIS_1.
WARNING: [Synth 8-3332] Sequential element (conv_cell_inst/multiply_reg_reg[1][36]__0) is unused and will be removed from module net_engine_v1_0_S00_AXIS_1.
WARNING: [Synth 8-3332] Sequential element (conv_cell_inst/multiply_reg_reg[1][35]__0) is unused and will be removed from module net_engine_v1_0_S00_AXIS_1.
WARNING: [Synth 8-3332] Sequential element (conv_cell_inst/multiply_reg_reg[1][34]__0) is unused and will be removed from module net_engine_v1_0_S00_AXIS_1.
WARNING: [Synth 8-3332] Sequential element (conv_cell_inst/multiply_reg_reg[1][33]__0) is unused and will be removed from module net_engine_v1_0_S00_AXIS_1.
WARNING: [Synth 8-3332] Sequential element (conv_cell_inst/multiply_reg_reg[1][32]__0) is unused and will be removed from module net_engine_v1_0_S00_AXIS_1.
WARNING: [Synth 8-3332] Sequential element (conv_cell_inst/multiply_reg_reg[1][31]__0) is unused and will be removed from module net_engine_v1_0_S00_AXIS_1.
WARNING: [Synth 8-3332] Sequential element (conv_cell_inst/multiply_reg_reg[1][30]__0) is unused and will be removed from module net_engine_v1_0_S00_AXIS_1.
WARNING: [Synth 8-3332] Sequential element (conv_cell_inst/multiply_reg_reg[1][29]__0) is unused and will be removed from module net_engine_v1_0_S00_AXIS_1.
WARNING: [Synth 8-3332] Sequential element (conv_cell_inst/multiply_reg_reg[1][28]__0) is unused and will be removed from module net_engine_v1_0_S00_AXIS_1.
WARNING: [Synth 8-3332] Sequential element (conv_cell_inst/multiply_reg_reg[1][27]__0) is unused and will be removed from module net_engine_v1_0_S00_AXIS_1.
WARNING: [Synth 8-3332] Sequential element (conv_cell_inst/multiply_reg_reg[1][26]__0) is unused and will be removed from module net_engine_v1_0_S00_AXIS_1.
WARNING: [Synth 8-3332] Sequential element (conv_cell_inst/multiply_reg_reg[1][25]__0) is unused and will be removed from module net_engine_v1_0_S00_AXIS_1.
WARNING: [Synth 8-3332] Sequential element (conv_cell_inst/multiply_reg_reg[1][24]__0) is unused and will be removed from module net_engine_v1_0_S00_AXIS_1.
WARNING: [Synth 8-3332] Sequential element (conv_cell_inst/multiply_reg_reg[1][23]__0) is unused and will be removed from module net_engine_v1_0_S00_AXIS_1.
WARNING: [Synth 8-3332] Sequential element (conv_cell_inst/multiply_reg_reg[1][22]__0) is unused and will be removed from module net_engine_v1_0_S00_AXIS_1.
WARNING: [Synth 8-3332] Sequential element (conv_cell_inst/multiply_reg_reg[1][21]__0) is unused and will be removed from module net_engine_v1_0_S00_AXIS_1.
WARNING: [Synth 8-3332] Sequential element (conv_cell_inst/multiply_reg_reg[1][20]__0) is unused and will be removed from module net_engine_v1_0_S00_AXIS_1.
WARNING: [Synth 8-3332] Sequential element (conv_cell_inst/multiply_reg_reg[1][19]__0) is unused and will be removed from module net_engine_v1_0_S00_AXIS_1.
WARNING: [Synth 8-3332] Sequential element (conv_cell_inst/multiply_reg_reg[1][18]__0) is unused and will be removed from module net_engine_v1_0_S00_AXIS_1.
WARNING: [Synth 8-3332] Sequential element (conv_cell_inst/multiply_reg_reg[1][17]__0) is unused and will be removed from module net_engine_v1_0_S00_AXIS_1.
WARNING: [Synth 8-3332] Sequential element (conv_cell_inst/multiply_reg_reg[2][47]) is unused and will be removed from module net_engine_v1_0_S00_AXIS_1.
WARNING: [Synth 8-3332] Sequential element (conv_cell_inst/multiply_reg_reg[2][46]) is unused and will be removed from module net_engine_v1_0_S00_AXIS_1.
WARNING: [Synth 8-3332] Sequential element (conv_cell_inst/multiply_reg_reg[2][45]) is unused and will be removed from module net_engine_v1_0_S00_AXIS_1.
WARNING: [Synth 8-3332] Sequential element (conv_cell_inst/multiply_reg_reg[2][44]) is unused and will be removed from module net_engine_v1_0_S00_AXIS_1.
WARNING: [Synth 8-3332] Sequential element (conv_cell_inst/multiply_reg_reg[2][43]) is unused and will be removed from module net_engine_v1_0_S00_AXIS_1.
WARNING: [Synth 8-3332] Sequential element (conv_cell_inst/multiply_reg_reg[2][42]) is unused and will be removed from module net_engine_v1_0_S00_AXIS_1.
WARNING: [Synth 8-3332] Sequential element (conv_cell_inst/multiply_reg_reg[2][41]) is unused and will be removed from module net_engine_v1_0_S00_AXIS_1.
WARNING: [Synth 8-3332] Sequential element (conv_cell_inst/multiply_reg_reg[2][40]) is unused and will be removed from module net_engine_v1_0_S00_AXIS_1.
WARNING: [Synth 8-3332] Sequential element (conv_cell_inst/multiply_reg_reg[2][39]) is unused and will be removed from module net_engine_v1_0_S00_AXIS_1.
WARNING: [Synth 8-3332] Sequential element (conv_cell_inst/multiply_reg_reg[2][38]) is unused and will be removed from module net_engine_v1_0_S00_AXIS_1.
WARNING: [Synth 8-3332] Sequential element (conv_cell_inst/multiply_reg_reg[2][37]) is unused and will be removed from module net_engine_v1_0_S00_AXIS_1.
WARNING: [Synth 8-3332] Sequential element (conv_cell_inst/multiply_reg_reg[2][36]) is unused and will be removed from module net_engine_v1_0_S00_AXIS_1.
WARNING: [Synth 8-3332] Sequential element (conv_cell_inst/multiply_reg_reg[2][35]) is unused and will be removed from module net_engine_v1_0_S00_AXIS_1.
WARNING: [Synth 8-3332] Sequential element (conv_cell_inst/multiply_reg_reg[2][34]) is unused and will be removed from module net_engine_v1_0_S00_AXIS_1.
WARNING: [Synth 8-3332] Sequential element (conv_cell_inst/multiply_reg_reg[2][33]) is unused and will be removed from module net_engine_v1_0_S00_AXIS_1.
WARNING: [Synth 8-3332] Sequential element (conv_cell_inst/multiply_reg_reg[2][32]) is unused and will be removed from module net_engine_v1_0_S00_AXIS_1.
WARNING: [Synth 8-3332] Sequential element (conv_cell_inst/multiply_reg_reg[2][31]) is unused and will be removed from module net_engine_v1_0_S00_AXIS_1.
WARNING: [Synth 8-3332] Sequential element (conv_cell_inst/multiply_reg_reg[2][30]) is unused and will be removed from module net_engine_v1_0_S00_AXIS_1.
WARNING: [Synth 8-3332] Sequential element (conv_cell_inst/multiply_reg_reg[2][29]) is unused and will be removed from module net_engine_v1_0_S00_AXIS_1.
WARNING: [Synth 8-3332] Sequential element (conv_cell_inst/multiply_reg_reg[2][28]) is unused and will be removed from module net_engine_v1_0_S00_AXIS_1.
WARNING: [Synth 8-3332] Sequential element (conv_cell_inst/multiply_reg_reg[2][27]) is unused and will be removed from module net_engine_v1_0_S00_AXIS_1.
WARNING: [Synth 8-3332] Sequential element (conv_cell_inst/multiply_reg_reg[2][26]) is unused and will be removed from module net_engine_v1_0_S00_AXIS_1.
WARNING: [Synth 8-3332] Sequential element (conv_cell_inst/multiply_reg_reg[2][25]) is unused and will be removed from module net_engine_v1_0_S00_AXIS_1.
WARNING: [Synth 8-3332] Sequential element (conv_cell_inst/multiply_reg_reg[2][24]) is unused and will be removed from module net_engine_v1_0_S00_AXIS_1.
WARNING: [Synth 8-3332] Sequential element (conv_cell_inst/multiply_reg_reg[2][23]) is unused and will be removed from module net_engine_v1_0_S00_AXIS_1.
WARNING: [Synth 8-3332] Sequential element (conv_cell_inst/multiply_reg_reg[2][22]) is unused and will be removed from module net_engine_v1_0_S00_AXIS_1.
WARNING: [Synth 8-3332] Sequential element (conv_cell_inst/multiply_reg_reg[2][21]) is unused and will be removed from module net_engine_v1_0_S00_AXIS_1.
WARNING: [Synth 8-3332] Sequential element (conv_cell_inst/multiply_reg_reg[2][20]) is unused and will be removed from module net_engine_v1_0_S00_AXIS_1.
WARNING: [Synth 8-3332] Sequential element (conv_cell_inst/multiply_reg_reg[2][19]) is unused and will be removed from module net_engine_v1_0_S00_AXIS_1.
WARNING: [Synth 8-3332] Sequential element (conv_cell_inst/multiply_reg_reg[2][18]) is unused and will be removed from module net_engine_v1_0_S00_AXIS_1.
WARNING: [Synth 8-3332] Sequential element (conv_cell_inst/multiply_reg_reg[2][17]) is unused and will be removed from module net_engine_v1_0_S00_AXIS_1.
WARNING: [Synth 8-3332] Sequential element (conv_cell_inst/multiply_reg_reg[2][16]) is unused and will be removed from module net_engine_v1_0_S00_AXIS_1.
WARNING: [Synth 8-3332] Sequential element (conv_cell_inst/multiply_reg_reg[2][15]) is unused and will be removed from module net_engine_v1_0_S00_AXIS_1.
WARNING: [Synth 8-3332] Sequential element (conv_cell_inst/multiply_reg_reg[2][47]__0) is unused and will be removed from module net_engine_v1_0_S00_AXIS_1.
WARNING: [Synth 8-3332] Sequential element (conv_cell_inst/multiply_reg_reg[2][46]__0) is unused and will be removed from module net_engine_v1_0_S00_AXIS_1.
WARNING: [Synth 8-3332] Sequential element (conv_cell_inst/multiply_reg_reg[2][45]__0) is unused and will be removed from module net_engine_v1_0_S00_AXIS_1.
INFO: [Common 17-14] Message 'Synth 8-3332' appears 100 times and further instances of the messages will be disabled. Use the Tcl command set_msg_config to change the current settings.
---------------------------------------------------------------------------------
Finished Cross Boundary and Area Optimization : Time (s): cpu = 00:00:35 ; elapsed = 00:00:38 . Memory (MB): peak = 1568.910 ; gain = 663.711
---------------------------------------------------------------------------------
 Sort Area is  o_data_reg0_16 : 0 0 : 3101 5927 : Used 1 time 0
 Sort Area is  o_data_reg0_16 : 0 1 : 2826 5927 : Used 1 time 0
 Sort Area is  p_0_out_0 : 0 0 : 3101 5927 : Used 1 time 0
 Sort Area is  p_0_out_0 : 0 1 : 2826 5927 : Used 1 time 0
 Sort Area is  p_0_out_10 : 0 0 : 3101 5927 : Used 1 time 0
 Sort Area is  p_0_out_10 : 0 1 : 2826 5927 : Used 1 time 0
 Sort Area is  p_0_out_12 : 0 0 : 3101 5927 : Used 1 time 0
 Sort Area is  p_0_out_12 : 0 1 : 2826 5927 : Used 1 time 0
 Sort Area is  p_0_out_14 : 0 0 : 3101 5927 : Used 1 time 0
 Sort Area is  p_0_out_14 : 0 1 : 2826 5927 : Used 1 time 0
 Sort Area is  p_0_out_6 : 0 0 : 3101 5927 : Used 1 time 0
 Sort Area is  p_0_out_6 : 0 1 : 2826 5927 : Used 1 time 0
 Sort Area is  p_0_out_8 : 0 0 : 3101 5927 : Used 1 time 0
 Sort Area is  p_0_out_8 : 0 1 : 2826 5927 : Used 1 time 0
 Sort Area is  p_0_out_a : 0 0 : 3101 5927 : Used 1 time 0
 Sort Area is  p_0_out_a : 0 1 : 2826 5927 : Used 1 time 0
 Sort Area is  p_0_out_c : 0 0 : 3101 5927 : Used 1 time 0
 Sort Area is  p_0_out_c : 0 1 : 2826 5927 : Used 1 time 0
 Sort Area is  p_0_out_e : 0 0 : 3101 5927 : Used 1 time 0
 Sort Area is  p_0_out_e : 0 1 : 2826 5927 : Used 1 time 0
 Sort Area is  o_data_reg0_17 : 0 0 : 2759 5466 : Used 1 time 0
 Sort Area is  o_data_reg0_17 : 0 1 : 2707 5466 : Used 1 time 0
 Sort Area is  p_0_out_11 : 0 0 : 2759 5466 : Used 1 time 0
 Sort Area is  p_0_out_11 : 0 1 : 2707 5466 : Used 1 time 0
 Sort Area is  p_0_out_13 : 0 0 : 2759 5466 : Used 1 time 0
 Sort Area is  p_0_out_13 : 0 1 : 2707 5466 : Used 1 time 0
 Sort Area is  p_0_out_15 : 0 0 : 2759 5466 : Used 1 time 0
 Sort Area is  p_0_out_15 : 0 1 : 2707 5466 : Used 1 time 0
 Sort Area is  p_0_out_3 : 0 0 : 2759 5466 : Used 1 time 0
 Sort Area is  p_0_out_3 : 0 1 : 2707 5466 : Used 1 time 0
 Sort Area is  p_0_out_7 : 0 0 : 2759 5466 : Used 1 time 0
 Sort Area is  p_0_out_7 : 0 1 : 2707 5466 : Used 1 time 0
 Sort Area is  p_0_out_9 : 0 0 : 2759 5466 : Used 1 time 0
 Sort Area is  p_0_out_9 : 0 1 : 2707 5466 : Used 1 time 0
 Sort Area is  p_0_out_b : 0 0 : 2759 5466 : Used 1 time 0
 Sort Area is  p_0_out_b : 0 1 : 2707 5466 : Used 1 time 0
 Sort Area is  p_0_out_d : 0 0 : 2759 5466 : Used 1 time 0
 Sort Area is  p_0_out_d : 0 1 : 2707 5466 : Used 1 time 0
 Sort Area is  p_0_out_f : 0 0 : 2759 5466 : Used 1 time 0
 Sort Area is  p_0_out_f : 0 1 : 2707 5466 : Used 1 time 0
---------------------------------------------------------------------------------
Start ROM, RAM, DSP, Shift Register and Retiming Reporting
---------------------------------------------------------------------------------

Distributed RAM: Preliminary Mapping Report (see note below)
+------------------------------+---------------------+-----------+----------------------+--------------+
|Module Name                   | RTL Object          | Inference | Size (Depth x Width) | Primitives   | 
+------------------------------+---------------------+-----------+----------------------+--------------+
|net_engine_v1_0_S00_AXIS_inst | row_data_fifo_3_reg | Implied   | 2 x 32               | RAM32M x 12  | 
|net_engine_v1_0_S00_AXIS_inst | row_data_fifo_1_reg | Implied   | 2 x 32               | RAM32M x 12  | 
|net_engine_v1_0_S00_AXIS_inst | row_data_fifo_2_reg | Implied   | 2 x 32               | RAM32M x 12  | 
|net_engine_v1_0_S00_AXIS_inst | row_data_fifo_4_reg | Implied   | 2 x 32               | RAM32M x 12  | 
+------------------------------+---------------------+-----------+----------------------+--------------+

Note: The table above is a preliminary report that shows the Distributed RAMs at the current stage of the synthesis flow. Some Distributed RAMs may be reimplemented as non Distributed RAM primitives later in the synthesis flow. Multiple instantiated RAMs are reported only once.

DSP: Preliminary Mapping Report (see note below. The ' indicates corresponding REG is set)
+------------+----------------+--------+--------+--------+--------+--------+------+------+------+------+-------+------+------+
|Module Name | DSP Mapping    | A Size | B Size | C Size | D Size | P Size | AREG | BREG | CREG | DREG | ADREG | MREG | PREG | 
+------------+----------------+--------+--------+--------+--------+--------+------+------+------+------+-------+------+------+
|conv_cell   | A*B            | 18     | 16     | -      | -      | 48     | 0    | 0    | -    | -    | -     | 0    | 0    | 
|conv_cell   | (PCIN>>17)+A*B | 16     | 16     | -      | -      | 48     | 0    | 0    | -    | -    | -     | 0    | 1    | 
|conv_cell   | A*B            | 18     | 18     | -      | -      | 48     | 0    | 0    | -    | -    | -     | 0    | 0    | 
|conv_cell   | (PCIN>>17)+A*B | 18     | 16     | -      | -      | 48     | 0    | 0    | -    | -    | -     | 0    | 1    | 
|conv_cell   | A*B            | 18     | 16     | -      | -      | 48     | 0    | 0    | -    | -    | -     | 0    | 0    | 
|conv_cell   | (PCIN>>17)+A*B | 16     | 16     | -      | -      | 48     | 0    | 0    | -    | -    | -     | 0    | 1    | 
|conv_cell   | A*B            | 18     | 18     | -      | -      | 48     | 0    | 0    | -    | -    | -     | 0    | 0    | 
|conv_cell   | (PCIN>>17)+A*B | 18     | 16     | -      | -      | 48     | 0    | 0    | -    | -    | -     | 0    | 1    | 
|conv_cell   | A*B            | 18     | 16     | -      | -      | 48     | 0    | 0    | -    | -    | -     | 0    | 0    | 
|conv_cell   | (PCIN>>17)+A*B | 16     | 16     | -      | -      | 48     | 0    | 0    | -    | -    | -     | 0    | 1    | 
|conv_cell   | A*B            | 18     | 18     | -      | -      | 48     | 0    | 0    | -    | -    | -     | 0    | 0    | 
|conv_cell   | (PCIN>>17)+A*B | 18     | 16     | -      | -      | 48     | 0    | 0    | -    | -    | -     | 0    | 1    | 
|conv_cell   | A*B            | 18     | 16     | -      | -      | 48     | 0    | 0    | -    | -    | -     | 0    | 0    | 
|conv_cell   | (PCIN>>17)+A*B | 16     | 16     | -      | -      | 48     | 0    | 0    | -    | -    | -     | 0    | 1    | 
|conv_cell   | A*B            | 18     | 18     | -      | -      | 48     | 0    | 0    | -    | -    | -     | 0    | 0    | 
|conv_cell   | (PCIN>>17)+A*B | 18     | 16     | -      | -      | 48     | 0    | 0    | -    | -    | -     | 0    | 1    | 
|conv_cell   | A*B            | 18     | 16     | -      | -      | 48     | 0    | 0    | -    | -    | -     | 0    | 0    | 
|conv_cell   | (PCIN>>17)+A*B | 16     | 16     | -      | -      | 48     | 0    | 0    | -    | -    | -     | 0    | 1    | 
|conv_cell   | A*B            | 18     | 18     | -      | -      | 48     | 0    | 0    | -    | -    | -     | 0    | 0    | 
|conv_cell   | (PCIN>>17)+A*B | 18     | 16     | -      | -      | 48     | 0    | 0    | -    | -    | -     | 0    | 1    | 
|conv_cell   | A*B            | 18     | 16     | -      | -      | 48     | 0    | 0    | -    | -    | -     | 0    | 0    | 
|conv_cell   | (PCIN>>17)+A*B | 16     | 16     | -      | -      | 48     | 0    | 0    | -    | -    | -     | 0    | 1    | 
|conv_cell   | A*B            | 18     | 18     | -      | -      | 48     | 0    | 0    | -    | -    | -     | 0    | 0    | 
|conv_cell   | (PCIN>>17)+A*B | 18     | 16     | -      | -      | 48     | 0    | 0    | -    | -    | -     | 0    | 1    | 
|conv_cell   | A*B            | 18     | 16     | -      | -      | 48     | 0    | 0    | -    | -    | -     | 0    | 0    | 
|conv_cell   | (PCIN>>17)+A*B | 16     | 16     | -      | -      | 48     | 0    | 0    | -    | -    | -     | 0    | 1    | 
|conv_cell   | A*B            | 18     | 18     | -      | -      | 48     | 0    | 0    | -    | -    | -     | 0    | 0    | 
|conv_cell   | (PCIN>>17)+A*B | 18     | 16     | -      | -      | 48     | 0    | 0    | -    | -    | -     | 0    | 1    | 
|conv_cell   | A*B            | 18     | 16     | -      | -      | 48     | 0    | 0    | -    | -    | -     | 0    | 0    | 
|conv_cell   | (PCIN>>17)+A*B | 16     | 16     | -      | -      | 48     | 0    | 0    | -    | -    | -     | 0    | 1    | 
|conv_cell   | A*B            | 18     | 18     | -      | -      | 48     | 0    | 0    | -    | -    | -     | 0    | 0    | 
|conv_cell   | (PCIN>>17)+A*B | 18     | 16     | -      | -      | 48     | 0    | 0    | -    | -    | -     | 0    | 1    | 
|conv_cell   | A*B            | 18     | 16     | -      | -      | 48     | 0    | 0    | -    | -    | -     | 0    | 0    | 
|conv_cell   | (PCIN>>17)+A*B | 16     | 16     | -      | -      | 48     | 0    | 0    | -    | -    | -     | 0    | 1    | 
|conv_cell   | A*B            | 18     | 18     | -      | -      | 48     | 0    | 0    | -    | -    | -     | 0    | 0    | 
|conv_cell   | (PCIN>>17)+A*B | 18     | 16     | -      | -      | 48     | 0    | 0    | -    | -    | -     | 0    | 1    | 
|conv_cell   | A*B            | 18     | 16     | -      | -      | 48     | 0    | 0    | -    | -    | -     | 0    | 0    | 
|conv_cell   | (PCIN>>17)+A*B | 16     | 16     | -      | -      | 48     | 0    | 0    | -    | -    | -     | 0    | 1    | 
|conv_cell   | A*B            | 18     | 18     | -      | -      | 48     | 0    | 0    | -    | -    | -     | 0    | 0    | 
|conv_cell   | (PCIN>>17)+A*B | 18     | 16     | -      | -      | 48     | 0    | 0    | -    | -    | -     | 0    | 1    | 
+------------+----------------+--------+--------+--------+--------+--------+------+------+------+------+-------+------+------+

Note: The table above is a preliminary report that shows the DSPs inferred at the current stage of the synthesis flow. Some DSP may be reimplemented as non DSP primitives later in the synthesis flow. Multiple instantiated DSPs are reported only once.
---------------------------------------------------------------------------------
Finished ROM, RAM, DSP, Shift Register and Retiming Reporting
---------------------------------------------------------------------------------
---------------------------------------------------------------------------------
Start Applying XDC Timing Constraints
---------------------------------------------------------------------------------
---------------------------------------------------------------------------------
Finished Applying XDC Timing Constraints : Time (s): cpu = 00:00:47 ; elapsed = 00:00:50 . Memory (MB): peak = 1568.910 ; gain = 663.711
---------------------------------------------------------------------------------
---------------------------------------------------------------------------------
Start Timing Optimization
---------------------------------------------------------------------------------
---------------------------------------------------------------------------------
Finished Timing Optimization : Time (s): cpu = 00:00:47 ; elapsed = 00:00:51 . Memory (MB): peak = 1568.910 ; gain = 663.711
---------------------------------------------------------------------------------
---------------------------------------------------------------------------------
Start ROM, RAM, DSP, Shift Register and Retiming Reporting
---------------------------------------------------------------------------------

Distributed RAM: Final Mapping Report
+------------------------------+---------------------+-----------+----------------------+--------------+
|Module Name                   | RTL Object          | Inference | Size (Depth x Width) | Primitives   | 
+------------------------------+---------------------+-----------+----------------------+--------------+
|net_engine_v1_0_S00_AXIS_inst | row_data_fifo_3_reg | Implied   | 2 x 32               | RAM32M x 12  | 
|net_engine_v1_0_S00_AXIS_inst | row_data_fifo_1_reg | Implied   | 2 x 32               | RAM32M x 12  | 
|net_engine_v1_0_S00_AXIS_inst | row_data_fifo_2_reg | Implied   | 2 x 32               | RAM32M x 12  | 
|net_engine_v1_0_S00_AXIS_inst | row_data_fifo_4_reg | Implied   | 2 x 32               | RAM32M x 12  | 
+------------------------------+---------------------+-----------+----------------------+--------------+

---------------------------------------------------------------------------------
Finished ROM, RAM, DSP, Shift Register and Retiming Reporting
---------------------------------------------------------------------------------
---------------------------------------------------------------------------------
Start Technology Mapping
---------------------------------------------------------------------------------
---------------------------------------------------------------------------------
Finished Technology Mapping : Time (s): cpu = 00:00:48 ; elapsed = 00:00:52 . Memory (MB): peak = 1568.910 ; gain = 663.711
---------------------------------------------------------------------------------
---------------------------------------------------------------------------------
Start IO Insertion
---------------------------------------------------------------------------------
---------------------------------------------------------------------------------
Start Flattening Before IO Insertion
---------------------------------------------------------------------------------
---------------------------------------------------------------------------------
Finished Flattening Before IO Insertion
---------------------------------------------------------------------------------
---------------------------------------------------------------------------------
Start Final Netlist Cleanup
---------------------------------------------------------------------------------
---------------------------------------------------------------------------------
Finished Final Netlist Cleanup
---------------------------------------------------------------------------------
---------------------------------------------------------------------------------
Finished IO Insertion : Time (s): cpu = 00:00:56 ; elapsed = 00:01:00 . Memory (MB): peak = 1568.910 ; gain = 663.711
---------------------------------------------------------------------------------
---------------------------------------------------------------------------------
Start Renaming Generated Instances
---------------------------------------------------------------------------------
---------------------------------------------------------------------------------
Finished Renaming Generated Instances : Time (s): cpu = 00:00:56 ; elapsed = 00:01:00 . Memory (MB): peak = 1568.910 ; gain = 663.711
---------------------------------------------------------------------------------
---------------------------------------------------------------------------------
Start Rebuilding User Hierarchy
---------------------------------------------------------------------------------
---------------------------------------------------------------------------------
Finished Rebuilding User Hierarchy : Time (s): cpu = 00:00:56 ; elapsed = 00:01:00 . Memory (MB): peak = 1568.910 ; gain = 663.711
---------------------------------------------------------------------------------
---------------------------------------------------------------------------------
Start Renaming Generated Ports
---------------------------------------------------------------------------------
---------------------------------------------------------------------------------
Finished Renaming Generated Ports : Time (s): cpu = 00:00:56 ; elapsed = 00:01:00 . Memory (MB): peak = 1568.910 ; gain = 663.711
---------------------------------------------------------------------------------
---------------------------------------------------------------------------------
Start Handling Custom Attributes
---------------------------------------------------------------------------------
---------------------------------------------------------------------------------
Finished Handling Custom Attributes : Time (s): cpu = 00:00:56 ; elapsed = 00:01:00 . Memory (MB): peak = 1568.910 ; gain = 663.711
---------------------------------------------------------------------------------
---------------------------------------------------------------------------------
Start Renaming Generated Nets
---------------------------------------------------------------------------------
---------------------------------------------------------------------------------
Finished Renaming Generated Nets : Time (s): cpu = 00:00:56 ; elapsed = 00:01:00 . Memory (MB): peak = 1568.910 ; gain = 663.711
---------------------------------------------------------------------------------
---------------------------------------------------------------------------------
Start Writing Synthesis Report
---------------------------------------------------------------------------------

DSP Final Report (the ' indicates corresponding REG is set)
+------------+------------------+--------+--------+--------+--------+--------+------+------+------+------+-------+------+------+
|Module Name | DSP Mapping      | A Size | B Size | C Size | D Size | P Size | AREG | BREG | CREG | DREG | ADREG | MREG | PREG | 
+------------+------------------+--------+--------+--------+--------+--------+------+------+------+------+-------+------+------+
|conv_cell   | (A*B')'          | 17     | 15     | -      | -      | 48     | 0    | 1    | -    | -    | -     | 0    | 1    | 
|conv_cell   | A'*B             | 17     | 17     | -      | -      | 48     | 1    | 0    | -    | -    | -     | 0    | 0    | 
|conv_cell   | (PCIN>>17+A'*B)' | 17     | 15     | -      | -      | 48     | 1    | 0    | -    | -    | -     | 0    | 1    | 
|conv_cell   | (A*B')'          | 17     | 15     | -      | -      | 48     | 0    | 1    | -    | -    | -     | 0    | 1    | 
|conv_cell   | A'*B             | 17     | 17     | -      | -      | 48     | 1    | 0    | -    | -    | -     | 0    | 0    | 
|conv_cell   | (PCIN>>17+A'*B)' | 17     | 15     | -      | -      | 48     | 1    | 0    | -    | -    | -     | 0    | 1    | 
|conv_cell   | (A*B')'          | 17     | 15     | -      | -      | 48     | 0    | 1    | -    | -    | -     | 0    | 1    | 
|conv_cell   | A'*B             | 17     | 17     | -      | -      | 48     | 1    | 0    | -    | -    | -     | 0    | 0    | 
|conv_cell   | (PCIN>>17+A'*B)' | 17     | 15     | -      | -      | 48     | 1    | 0    | -    | -    | -     | 0    | 1    | 
|conv_cell   | (A*B')'          | 17     | 15     | -      | -      | 48     | 0    | 1    | -    | -    | -     | 0    | 1    | 
|conv_cell   | A'*B             | 17     | 17     | -      | -      | 48     | 1    | 0    | -    | -    | -     | 0    | 0    | 
|conv_cell   | (PCIN>>17+A'*B)' | 17     | 15     | -      | -      | 48     | 1    | 0    | -    | -    | -     | 0    | 1    | 
|conv_cell   | (A*B')'          | 17     | 15     | -      | -      | 48     | 0    | 1    | -    | -    | -     | 0    | 1    | 
|conv_cell   | A'*B             | 17     | 17     | -      | -      | 48     | 1    | 0    | -    | -    | -     | 0    | 0    | 
|conv_cell   | (PCIN>>17+A'*B)' | 17     | 15     | -      | -      | 48     | 1    | 0    | -    | -    | -     | 0    | 1    | 
|conv_cell   | (A*B')'          | 17     | 15     | -      | -      | 48     | 0    | 1    | -    | -    | -     | 0    | 1    | 
|conv_cell   | A'*B             | 17     | 17     | -      | -      | 48     | 1    | 0    | -    | -    | -     | 0    | 0    | 
|conv_cell   | (PCIN>>17+A'*B)' | 17     | 15     | -      | -      | 48     | 1    | 0    | -    | -    | -     | 0    | 1    | 
|conv_cell   | (A*B')'          | 17     | 15     | -      | -      | 48     | 0    | 1    | -    | -    | -     | 0    | 1    | 
|conv_cell   | A'*B             | 17     | 17     | -      | -      | 48     | 1    | 0    | -    | -    | -     | 0    | 0    | 
|conv_cell   | (PCIN>>17+A'*B)' | 17     | 15     | -      | -      | 48     | 1    | 0    | -    | -    | -     | 0    | 1    | 
|conv_cell   | (A*B')'          | 17     | 15     | -      | -      | 48     | 0    | 1    | -    | -    | -     | 0    | 1    | 
|conv_cell   | A'*B             | 17     | 17     | -      | -      | 48     | 1    | 0    | -    | -    | -     | 0    | 0    | 
|conv_cell   | (PCIN>>17+A'*B)' | 17     | 15     | -      | -      | 48     | 1    | 0    | -    | -    | -     | 0    | 1    | 
|conv_cell   | (A*B')'          | 17     | 15     | -      | -      | 48     | 0    | 1    | -    | -    | -     | 0    | 1    | 
|conv_cell   | A'*B             | 17     | 17     | -      | -      | 48     | 1    | 0    | -    | -    | -     | 0    | 0    | 
|conv_cell   | (PCIN>>17+A'*B)' | 17     | 15     | -      | -      | 48     | 1    | 0    | -    | -    | -     | 0    | 1    | 
|conv_cell   | (A*B)'           | 17     | 15     | -      | -      | 48     | 0    | 0    | -    | -    | -     | 0    | 1    | 
|conv_cell   | A*B              | 17     | 17     | -      | -      | 48     | 0    | 0    | -    | -    | -     | 0    | 0    | 
|conv_cell   | (PCIN>>17+A*B)'  | 0      | 15     | -      | -      | 48     | 0    | 0    | -    | -    | -     | 0    | 1    | 
+------------+------------------+--------+--------+--------+--------+--------+------+------+------+------+-------+------+------+


Report BlackBoxes: 
+------+----------------+----------+
|      |BlackBox name   |Instances |
+------+----------------+----------+
|1     |master_fifo_out |         1|
+------+----------------+----------+

Report Cell Usage: 
+------+----------------+------+
|      |Cell            |Count |
+------+----------------+------+
|1     |master_fifo_out |     1|
|2     |BUFG            |     3|
|3     |CARRY4          |   112|
|4     |DSP48E1         |    30|
|9     |LUT1            |     5|
|10    |LUT2            |   163|
|11    |LUT3            |   389|
|12    |LUT4            |   613|
|13    |LUT5            |   313|
|14    |LUT6            |   141|
|15    |MUXF7           |    32|
|16    |RAM32M          |    40|
|17    |RAM32X1D        |    16|
|18    |FDCE            |   226|
|19    |FDRE            |   969|
|20    |FDSE            |     1|
|21    |LD              |     6|
|22    |IBUF            |    89|
|23    |OBUF            |   140|
|24    |OBUFT           |     5|
+------+----------------+------+
---------------------------------------------------------------------------------
Finished Writing Synthesis Report : Time (s): cpu = 00:00:56 ; elapsed = 00:01:00 . Memory (MB): peak = 1568.910 ; gain = 663.711
---------------------------------------------------------------------------------
Synthesis finished with 0 errors, 0 critical warnings and 789 warnings.
Synthesis Optimization Runtime : Time (s): cpu = 00:00:42 ; elapsed = 00:00:57 . Memory (MB): peak = 1568.910 ; gain = 564.812
Synthesis Optimization Complete : Time (s): cpu = 00:00:57 ; elapsed = 00:01:00 . Memory (MB): peak = 1568.910 ; gain = 663.711
INFO: [Project 1-571] Translating synthesized netlist
Netlist sorting complete. Time (s): cpu = 00:00:00 ; elapsed = 00:00:00.079 . Memory (MB): peak = 1568.910 ; gain = 0.000
INFO: [Netlist 29-17] Analyzing 236 Unisim elements for replacement
INFO: [Netlist 29-28] Unisim Transformation completed in 0 CPU seconds
INFO: [Project 1-570] Preparing netlist for logic optimization
INFO: [Opt 31-138] Pushed 1 inverter(s) to 6 load pin(s).
Netlist sorting complete. Time (s): cpu = 00:00:00 ; elapsed = 00:00:00.004 . Memory (MB): peak = 1568.910 ; gain = 0.000
INFO: [Project 1-111] Unisim Transformation Summary:
  A total of 62 instances were transformed.
  LD => LDCE (inverted pins: G): 6 instances
  RAM32M => RAM32M (RAMD32(x6), RAMS32(x2)): 40 instances
  RAM32X1D => RAM32X1D (RAMD32(x2)): 16 instances

The system cannot find the path specified.
Synth Design complete | Checksum: 3a2ddcc7
INFO: [Common 17-83] Releasing license: Synthesis
40 Infos, 235 Warnings, 0 Critical Warnings and 0 Errors encountered.
synth_design completed successfully
synth_design: Time (s): cpu = 00:01:05 ; elapsed = 00:01:42 . Memory (MB): peak = 1568.910 ; gain = 1082.891
Write ShapeDB Complete: Time (s): cpu = 00:00:00 ; elapsed = 00:00:00.021 . Memory (MB): peak = 1568.910 ; gain = 0.000
INFO: [Common 17-1381] The checkpoint 'D:/Vivado/Project/net_engine_ip/net_engine_ip.runs/synth_1/net_engine_v1_0.dcp' has been generated.
INFO: [runtcl-4] Executing : report_utilization -file net_engine_v1_0_utilization_synth.rpt -pb net_engine_v1_0_utilization_synth.pb
INFO: [Common 17-206] Exiting Vivado at Sat Jul  6 17:23:37 2024...
